SF:lib\main.dart
DA:3,0
DA:6,1
DA:9,1
DA:11,1
DA:12,1
DA:13,1
DA:15,1
DA:22,1
DA:24,1
DA:31,2
DA:32,1
DA:35,1
DA:36,1
DA:37,1
DA:39,1
DA:40,1
DA:41,1
DA:42,2
DA:48,0
DA:49,0
DA:57,1
DA:58,1
DA:59,2
DA:65,0
DA:66,0
DA:74,1
DA:75,1
DA:76,2
DA:82,0
DA:83,0
DA:91,1
DA:92,1
DA:93,2
DA:99,0
DA:100,0
DA:108,1
DA:109,1
DA:110,2
DA:116,0
DA:117,0
DA:125,1
DA:126,1
DA:127,2
DA:133,0
DA:134,0
DA:141,1
DA:142,1
DA:143,2
DA:149,0
DA:150,0
DA:157,1
DA:158,1
DA:159,2
DA:165,0
DA:166,0
DA:174,1
DA:175,1
DA:177,1
DA:179,0
DA:181,0
DA:183,0
DA:184,0
DA:192,0
DA:194,0
DA:195,0
LF:65
LH:41
end_of_record
